Traceback (most recent call last):
  File "/home/nicolaiaustad/Desktop/CropCounter/run.py", line 120, in <module>
    logging.basicConfig(
  File "/usr/lib/python3.11/logging/__init__.py", line 2050, in basicConfig
    h = FileHandler(filename, mode,
        ^^^^^^^^^^^^^^^^^^^^^^^^^^^
  File "/usr/lib/python3.11/logging/__init__.py", line 1181, in __init__
    StreamHandler.__init__(self, self._open())
                                 ^^^^^^^^^^^^
  File "/usr/lib/python3.11/logging/__init__.py", line 1213, in _open
    return open_func(self.baseFilename, self.mode,
           ^^^^^^^^^^^^^^^^^^^^^^^^^^^^^^^^^^^^^^^
PermissionError: [Errno 13] Permission denied: '/home/nicolaiaustad/Desktop/CropCounter/run.log'
Traceback (most recent call last):
  File "/home/nicolaiaustad/Desktop/CropCounter/run.py", line 120, in <module>
    logging.basicConfig(
  File "/usr/lib/python3.11/logging/__init__.py", line 2050, in basicConfig
    h = FileHandler(filename, mode,
        ^^^^^^^^^^^^^^^^^^^^^^^^^^^
  File "/usr/lib/python3.11/logging/__init__.py", line 1181, in __init__
    StreamHandler.__init__(self, self._open())
                                 ^^^^^^^^^^^^
  File "/usr/lib/python3.11/logging/__init__.py", line 1213, in _open
    return open_func(self.baseFilename, self.mode,
           ^^^^^^^^^^^^^^^^^^^^^^^^^^^^^^^^^^^^^^^
PermissionError: [Errno 13] Permission denied: '/home/nicolaiaustad/Desktop/CropCounter/run.log'
Traceback (most recent call last):
  File "/home/nicolaiaustad/Desktop/CropCounter/run.py", line 120, in <module>
    logging.basicConfig(
  File "/usr/lib/python3.11/logging/__init__.py", line 2050, in basicConfig
    h = FileHandler(filename, mode,
        ^^^^^^^^^^^^^^^^^^^^^^^^^^^
  File "/usr/lib/python3.11/logging/__init__.py", line 1181, in __init__
    StreamHandler.__init__(self, self._open())
                                 ^^^^^^^^^^^^
  File "/usr/lib/python3.11/logging/__init__.py", line 1213, in _open
    return open_func(self.baseFilename, self.mode,
           ^^^^^^^^^^^^^^^^^^^^^^^^^^^^^^^^^^^^^^^
PermissionError: [Errno 13] Permission denied: '/home/nicolaiaustad/Desktop/CropCounter/run.log'
Traceback (most recent call last):
  File "/home/nicolaiaustad/Desktop/CropCounter/run.py", line 120, in <module>
    logging.basicConfig(
  File "/usr/lib/python3.11/logging/__init__.py", line 2050, in basicConfig
    h = FileHandler(filename, mode,
        ^^^^^^^^^^^^^^^^^^^^^^^^^^^
  File "/usr/lib/python3.11/logging/__init__.py", line 1181, in __init__
    StreamHandler.__init__(self, self._open())
                                 ^^^^^^^^^^^^
  File "/usr/lib/python3.11/logging/__init__.py", line 1213, in _open
    return open_func(self.baseFilename, self.mode,
           ^^^^^^^^^^^^^^^^^^^^^^^^^^^^^^^^^^^^^^^
PermissionError: [Errno 13] Permission denied: '/home/nicolaiaustad/Desktop/CropCounter/run.log'
Traceback (most recent call last):
  File "/home/nicolaiaustad/Desktop/CropCounter/run.py", line 120, in <module>
    logging.basicConfig(
  File "/usr/lib/python3.11/logging/__init__.py", line 2050, in basicConfig
    h = FileHandler(filename, mode,
        ^^^^^^^^^^^^^^^^^^^^^^^^^^^
  File "/usr/lib/python3.11/logging/__init__.py", line 1181, in __init__
    StreamHandler.__init__(self, self._open())
                                 ^^^^^^^^^^^^
  File "/usr/lib/python3.11/logging/__init__.py", line 1213, in _open
    return open_func(self.baseFilename, self.mode,
           ^^^^^^^^^^^^^^^^^^^^^^^^^^^^^^^^^^^^^^^
PermissionError: [Errno 13] Permission denied: '/home/nicolaiaustad/Desktop/CropCounter/run.log'
Traceback (most recent call last):
  File "/home/nicolaiaustad/Desktop/CropCounter/run.py", line 120, in <module>
    logging.basicConfig(
  File "/usr/lib/python3.11/logging/__init__.py", line 2050, in basicConfig
    h = FileHandler(filename, mode,
        ^^^^^^^^^^^^^^^^^^^^^^^^^^^
  File "/usr/lib/python3.11/logging/__init__.py", line 1181, in __init__
    StreamHandler.__init__(self, self._open())
                                 ^^^^^^^^^^^^
  File "/usr/lib/python3.11/logging/__init__.py", line 1213, in _open
    return open_func(self.baseFilename, self.mode,
           ^^^^^^^^^^^^^^^^^^^^^^^^^^^^^^^^^^^^^^^
PermissionError: [Errno 13] Permission denied: '/home/nicolaiaustad/Desktop/CropCounter/run.log'
Traceback (most recent call last):
  File "/home/nicolaiaustad/Desktop/CropCounter/run.py", line 120, in <module>
    logging.basicConfig(
  File "/usr/lib/python3.11/logging/__init__.py", line 2050, in basicConfig
    h = FileHandler(filename, mode,
        ^^^^^^^^^^^^^^^^^^^^^^^^^^^
  File "/usr/lib/python3.11/logging/__init__.py", line 1181, in __init__
    StreamHandler.__init__(self, self._open())
                                 ^^^^^^^^^^^^
  File "/usr/lib/python3.11/logging/__init__.py", line 1213, in _open
    return open_func(self.baseFilename, self.mode,
           ^^^^^^^^^^^^^^^^^^^^^^^^^^^^^^^^^^^^^^^
PermissionError: [Errno 13] Permission denied: '/home/nicolaiaustad/Desktop/CropCounter/run.log'
Traceback (most recent call last):
  File "/home/nicolaiaustad/Desktop/CropCounter/run.py", line 120, in <module>
    logging.basicConfig(
  File "/usr/lib/python3.11/logging/__init__.py", line 2050, in basicConfig
    h = FileHandler(filename, mode,
        ^^^^^^^^^^^^^^^^^^^^^^^^^^^
  File "/usr/lib/python3.11/logging/__init__.py", line 1181, in __init__
    StreamHandler.__init__(self, self._open())
                                 ^^^^^^^^^^^^
  File "/usr/lib/python3.11/logging/__init__.py", line 1213, in _open
    return open_func(self.baseFilename, self.mode,
           ^^^^^^^^^^^^^^^^^^^^^^^^^^^^^^^^^^^^^^^
PermissionError: [Errno 13] Permission denied: '/home/nicolaiaustad/Desktop/CropCounter/run.log'
2024-07-05 12:45:08,356 Program started.
2024-07-05 12:45:08,357 Program running...lol
2024-07-05 12:45:13,357 Program running...lol
2024-07-05 12:45:18,357 Program running...lol
2024-07-05 12:45:23,357 Program running...lol
2024-07-05 12:46:23,797 Program started.
2024-07-05 12:46:23,797 Program running...lol
2024-07-05 12:46:28,797 Program running...lol
2024-07-05 12:46:33,798 Program running...lol
